<?xml version="1.0" encoding="UTF-8"?>
<testsuite xmlns:xsi="http://www.w3.org/2001/XMLSchema-instance" xsi:noNamespaceSchemaLocation="https://maven.apache.org/surefire/maven-surefire-plugin/xsd/surefire-test-report-3.0.xsd" version="3.0" name="org.springframework.samples.petclinic.web.OwnerControllerTests" time="11.31" tests="11" errors="0" skipped="0" failures="0">
  <properties>
    <property name="java.specification.version" value="17"/>
    <property name="sun.jnu.encoding" value="UTF-8"/>
    <property name="java.class.path" value="/tmp/spring-framework-petclinic/target/test-classes:/tmp/spring-framework-petclinic/target/classes:/root/.m2/repository/jakarta/servlet/jakarta.servlet-api/6.0.0/jakarta.servlet-api-6.0.0.jar:/root/.m2/repository/org/apache/tomcat/tomcat-jasper-el/10.1.19/tomcat-jasper-el-10.1.19.jar:/root/.m2/repository/org/apache/tomcat/tomcat-el-api/10.1.19/tomcat-el-api-10.1.19.jar:/root/.m2/repository/jakarta/servlet/jsp/jstl/jakarta.servlet.jsp.jstl-api/3.0.0/jakarta.servlet.jsp.jstl-api-3.0.0.jar:/root/.m2/repository/jakarta/el/jakarta.el-api/5.0.0/jakarta.el-api-5.0.0.jar:/root/.m2/repository/org/glassfish/web/jakarta.servlet.jsp.jstl/3.0.1/jakarta.servlet.jsp.jstl-3.0.1.jar:/root/.m2/repository/com/fasterxml/jackson/core/jackson-core/2.16.1/jackson-core-2.16.1.jar:/root/.m2/repository/com/fasterxml/jackson/core/jackson-databind/2.16.1/jackson-databind-2.16.1.jar:/root/.m2/repository/com/fasterxml/jackson/core/jackson-annotations/2.16.1/jackson-annotations-2.16.1.jar:/root/.m2/repository/com/jayway/jsonpath/json-path/2.9.0/json-path-2.9.0.jar:/root/.m2/repository/net/minidev/json-smart/2.5.0/json-smart-2.5.0.jar:/root/.m2/repository/net/minidev/accessors-smart/2.5.0/accessors-smart-2.5.0.jar:/root/.m2/repository/org/ow2/asm/asm/9.3/asm-9.3.jar:/root/.m2/repository/org/springframework/data/spring-data-jpa/3.2.1/spring-data-jpa-3.2.1.jar:/root/.m2/repository/org/springframework/data/spring-data-commons/3.2.1/spring-data-commons-3.2.1.jar:/root/.m2/repository/org/antlr/antlr4-runtime/4.13.0/antlr4-runtime-4.13.0.jar:/root/.m2/repository/jakarta/annotation/jakarta.annotation-api/2.0.0/jakarta.annotation-api-2.0.0.jar:/root/.m2/repository/org/springframework/spring-jdbc/6.1.4/spring-jdbc-6.1.4.jar:/root/.m2/repository/org/springframework/spring-beans/6.1.4/spring-beans-6.1.4.jar:/root/.m2/repository/org/springframework/spring-core/6.1.4/spring-core-6.1.4.jar:/root/.m2/repository/org/springframework/spring-jcl/6.1.4/spring-jcl-6.1.4.jar:/root/.m2/repository/org/springframework/spring-tx/6.1.4/spring-tx-6.1.4.jar:/root/.m2/repository/org/springframework/spring-orm/6.1.4/spring-orm-6.1.4.jar:/root/.m2/repository/org/springframework/spring-webmvc/6.1.4/spring-webmvc-6.1.4.jar:/root/.m2/repository/org/springframework/spring-aop/6.1.4/spring-aop-6.1.4.jar:/root/.m2/repository/org/springframework/spring-context/6.1.4/spring-context-6.1.4.jar:/root/.m2/repository/io/micrometer/micrometer-observation/1.12.3/micrometer-observation-1.12.3.jar:/root/.m2/repository/io/micrometer/micrometer-commons/1.12.3/micrometer-commons-1.12.3.jar:/root/.m2/repository/org/springframework/spring-expression/6.1.4/spring-expression-6.1.4.jar:/root/.m2/repository/org/springframework/spring-web/6.1.4/spring-web-6.1.4.jar:/root/.m2/repository/org/springframework/spring-context-support/6.1.4/spring-context-support-6.1.4.jar:/root/.m2/repository/org/springframework/spring-oxm/6.1.4/spring-oxm-6.1.4.jar:/root/.m2/repository/com/github/ben-manes/caffeine/caffeine/3.1.8/caffeine-3.1.8.jar:/root/.m2/repository/org/checkerframework/checker-qual/3.37.0/checker-qual-3.37.0.jar:/root/.m2/repository/com/google/errorprone/error_prone_annotations/2.21.1/error_prone_annotations-2.21.1.jar:/root/.m2/repository/org/aspectj/aspectjweaver/1.9.21/aspectjweaver-1.9.21.jar:/root/.m2/repository/org/apache/tomcat/tomcat-jdbc/10.1.19/tomcat-jdbc-10.1.19.jar:/root/.m2/repository/org/apache/tomcat/tomcat-juli/10.1.19/tomcat-juli-10.1.19.jar:/root/.m2/repository/org/slf4j/slf4j-api/2.0.12/slf4j-api-2.0.12.jar:/root/.m2/repository/ch/qos/logback/logback-classic/1.4.14/logback-classic-1.4.14.jar:/root/.m2/repository/ch/qos/logback/logback-core/1.4.14/logback-core-1.4.14.jar:/root/.m2/repository/jakarta/persistence/jakarta.persistence-api/3.1.0/jakarta.persistence-api-3.1.0.jar:/root/.m2/repository/org/hibernate/orm/hibernate-core/6.4.4.Final/hibernate-core-6.4.4.Final.jar:/root/.m2/repository/jakarta/transaction/jakarta.transaction-api/2.0.1/jakarta.transaction-api-2.0.1.jar:/root/.m2/repository/org/jboss/logging/jboss-logging/3.5.0.Final/jboss-logging-3.5.0.Final.jar:/root/.m2/repository/org/hibernate/common/hibernate-commons-annotations/6.0.6.Final/hibernate-commons-annotations-6.0.6.Final.jar:/root/.m2/repository/io/smallrye/jandex/3.1.2/jandex-3.1.2.jar:/root/.m2/repository/com/fasterxml/classmate/1.5.1/classmate-1.5.1.jar:/root/.m2/repository/net/bytebuddy/byte-buddy/1.14.11/byte-buddy-1.14.11.jar:/root/.m2/repository/jakarta/inject/jakarta.inject-api/2.0.1/jakarta.inject-api-2.0.1.jar:/root/.m2/repository/org/hibernate/validator/hibernate-validator/8.0.1.Final/hibernate-validator-8.0.1.Final.jar:/root/.m2/repository/jakarta/validation/jakarta.validation-api/3.0.2/jakarta.validation-api-3.0.2.jar:/root/.m2/repository/org/hibernate/orm/hibernate-jcache/6.4.4.Final/hibernate-jcache-6.4.4.Final.jar:/root/.m2/repository/javax/cache/cache-api/1.0.0/cache-api-1.0.0.jar:/root/.m2/repository/org/webjars/bootstrap/5.3.2/bootstrap-5.3.2.jar:/root/.m2/repository/org/webjars/npm/font-awesome/4.7.0/font-awesome-4.7.0.jar:/root/.m2/repository/org/webjars/npm/flatpickr/4.6.13/flatpickr-4.6.13.jar:/root/.m2/repository/org/springframework/spring-test/6.1.4/spring-test-6.1.4.jar:/root/.m2/repository/org/junit/jupiter/junit-jupiter-engine/5.10.2/junit-jupiter-engine-5.10.2.jar:/root/.m2/repository/org/junit/platform/junit-platform-engine/1.10.2/junit-platform-engine-1.10.2.jar:/root/.m2/repository/org/opentest4j/opentest4j/1.3.0/opentest4j-1.3.0.jar:/root/.m2/repository/org/junit/platform/junit-platform-commons/1.10.2/junit-platform-commons-1.10.2.jar:/root/.m2/repository/org/junit/jupiter/junit-jupiter-api/5.10.2/junit-jupiter-api-5.10.2.jar:/root/.m2/repository/org/apiguardian/apiguardian-api/1.1.2/apiguardian-api-1.1.2.jar:/root/.m2/repository/org/assertj/assertj-core/3.25.3/assertj-core-3.25.3.jar:/root/.m2/repository/org/mockito/mockito-core/5.10.0/mockito-core-5.10.0.jar:/root/.m2/repository/net/bytebuddy/byte-buddy-agent/1.14.11/byte-buddy-agent-1.14.11.jar:/root/.m2/repository/org/objenesis/objenesis/3.3/objenesis-3.3.jar:/root/.m2/repository/org/mockito/mockito-junit-jupiter/5.10.0/mockito-junit-jupiter-5.10.0.jar:/root/.m2/repository/org/hamcrest/hamcrest/2.2/hamcrest-2.2.jar:/root/.m2/repository/jakarta/xml/bind/jakarta.xml.bind-api/4.0.1/jakarta.xml.bind-api-4.0.1.jar:/root/.m2/repository/org/glassfish/jaxb/jaxb-runtime/4.0.4/jaxb-runtime-4.0.4.jar:/root/.m2/repository/org/glassfish/jaxb/jaxb-core/4.0.4/jaxb-core-4.0.4.jar:/root/.m2/repository/org/eclipse/angus/angus-activation/2.0.1/angus-activation-2.0.1.jar:/root/.m2/repository/org/glassfish/jaxb/txw2/4.0.4/txw2-4.0.4.jar:/root/.m2/repository/com/sun/istack/istack-commons-runtime/4.1.2/istack-commons-runtime-4.1.2.jar:/root/.m2/repository/jakarta/activation/jakarta.activation-api/2.1.2/jakarta.activation-api-2.1.2.jar:/root/.m2/repository/com/mysql/mysql-connector-j/8.0.33/mysql-connector-j-8.0.33.jar:/root/.m2/repository/com/google/protobuf/protobuf-java/3.21.9/protobuf-java-3.21.9.jar:"/>
    <property name="java.vm.vendor" value="Private Build"/>
    <property name="sun.arch.data.model" value="64"/>
    <property name="java.vendor.url" value="Unknown"/>
    <property name="user.timezone" value="Etc/UTC"/>
    <property name="os.name" value="Linux"/>
    <property name="java.vm.specification.version" value="17"/>
    <property name="sun.java.launcher" value="SUN_STANDARD"/>
    <property name="sun.boot.library.path" value="/usr/lib/jvm/java-17-openjdk-amd64/lib"/>
    <property name="sun.java.command" value="/tmp/spring-framework-petclinic/target/surefire/surefirebooter-20240317072802708_3.jar /tmp/spring-framework-petclinic/target/surefire 2024-03-17T07-28-02_438-jvmRun1 surefire-20240317072802708_1tmp surefire_0-20240317072802708_2tmp"/>
    <property name="jdk.debug" value="release"/>
    <property name="surefire.test.class.path" value="/tmp/spring-framework-petclinic/target/test-classes:/tmp/spring-framework-petclinic/target/classes:/root/.m2/repository/jakarta/servlet/jakarta.servlet-api/6.0.0/jakarta.servlet-api-6.0.0.jar:/root/.m2/repository/org/apache/tomcat/tomcat-jasper-el/10.1.19/tomcat-jasper-el-10.1.19.jar:/root/.m2/repository/org/apache/tomcat/tomcat-el-api/10.1.19/tomcat-el-api-10.1.19.jar:/root/.m2/repository/jakarta/servlet/jsp/jstl/jakarta.servlet.jsp.jstl-api/3.0.0/jakarta.servlet.jsp.jstl-api-3.0.0.jar:/root/.m2/repository/jakarta/el/jakarta.el-api/5.0.0/jakarta.el-api-5.0.0.jar:/root/.m2/repository/org/glassfish/web/jakarta.servlet.jsp.jstl/3.0.1/jakarta.servlet.jsp.jstl-3.0.1.jar:/root/.m2/repository/com/fasterxml/jackson/core/jackson-core/2.16.1/jackson-core-2.16.1.jar:/root/.m2/repository/com/fasterxml/jackson/core/jackson-databind/2.16.1/jackson-databind-2.16.1.jar:/root/.m2/repository/com/fasterxml/jackson/core/jackson-annotations/2.16.1/jackson-annotations-2.16.1.jar:/root/.m2/repository/com/jayway/jsonpath/json-path/2.9.0/json-path-2.9.0.jar:/root/.m2/repository/net/minidev/json-smart/2.5.0/json-smart-2.5.0.jar:/root/.m2/repository/net/minidev/accessors-smart/2.5.0/accessors-smart-2.5.0.jar:/root/.m2/repository/org/ow2/asm/asm/9.3/asm-9.3.jar:/root/.m2/repository/org/springframework/data/spring-data-jpa/3.2.1/spring-data-jpa-3.2.1.jar:/root/.m2/repository/org/springframework/data/spring-data-commons/3.2.1/spring-data-commons-3.2.1.jar:/root/.m2/repository/org/antlr/antlr4-runtime/4.13.0/antlr4-runtime-4.13.0.jar:/root/.m2/repository/jakarta/annotation/jakarta.annotation-api/2.0.0/jakarta.annotation-api-2.0.0.jar:/root/.m2/repository/org/springframework/spring-jdbc/6.1.4/spring-jdbc-6.1.4.jar:/root/.m2/repository/org/springframework/spring-beans/6.1.4/spring-beans-6.1.4.jar:/root/.m2/repository/org/springframework/spring-core/6.1.4/spring-core-6.1.4.jar:/root/.m2/repository/org/springframework/spring-jcl/6.1.4/spring-jcl-6.1.4.jar:/root/.m2/repository/org/springframework/spring-tx/6.1.4/spring-tx-6.1.4.jar:/root/.m2/repository/org/springframework/spring-orm/6.1.4/spring-orm-6.1.4.jar:/root/.m2/repository/org/springframework/spring-webmvc/6.1.4/spring-webmvc-6.1.4.jar:/root/.m2/repository/org/springframework/spring-aop/6.1.4/spring-aop-6.1.4.jar:/root/.m2/repository/org/springframework/spring-context/6.1.4/spring-context-6.1.4.jar:/root/.m2/repository/io/micrometer/micrometer-observation/1.12.3/micrometer-observation-1.12.3.jar:/root/.m2/repository/io/micrometer/micrometer-commons/1.12.3/micrometer-commons-1.12.3.jar:/root/.m2/repository/org/springframework/spring-expression/6.1.4/spring-expression-6.1.4.jar:/root/.m2/repository/org/springframework/spring-web/6.1.4/spring-web-6.1.4.jar:/root/.m2/repository/org/springframework/spring-context-support/6.1.4/spring-context-support-6.1.4.jar:/root/.m2/repository/org/springframework/spring-oxm/6.1.4/spring-oxm-6.1.4.jar:/root/.m2/repository/com/github/ben-manes/caffeine/caffeine/3.1.8/caffeine-3.1.8.jar:/root/.m2/repository/org/checkerframework/checker-qual/3.37.0/checker-qual-3.37.0.jar:/root/.m2/repository/com/google/errorprone/error_prone_annotations/2.21.1/error_prone_annotations-2.21.1.jar:/root/.m2/repository/org/aspectj/aspectjweaver/1.9.21/aspectjweaver-1.9.21.jar:/root/.m2/repository/org/apache/tomcat/tomcat-jdbc/10.1.19/tomcat-jdbc-10.1.19.jar:/root/.m2/repository/org/apache/tomcat/tomcat-juli/10.1.19/tomcat-juli-10.1.19.jar:/root/.m2/repository/org/slf4j/slf4j-api/2.0.12/slf4j-api-2.0.12.jar:/root/.m2/repository/ch/qos/logback/logback-classic/1.4.14/logback-classic-1.4.14.jar:/root/.m2/repository/ch/qos/logback/logback-core/1.4.14/logback-core-1.4.14.jar:/root/.m2/repository/jakarta/persistence/jakarta.persistence-api/3.1.0/jakarta.persistence-api-3.1.0.jar:/root/.m2/repository/org/hibernate/orm/hibernate-core/6.4.4.Final/hibernate-core-6.4.4.Final.jar:/root/.m2/repository/jakarta/transaction/jakarta.transaction-api/2.0.1/jakarta.transaction-api-2.0.1.jar:/root/.m2/repository/org/jboss/logging/jboss-logging/3.5.0.Final/jboss-logging-3.5.0.Final.jar:/root/.m2/repository/org/hibernate/common/hibernate-commons-annotations/6.0.6.Final/hibernate-commons-annotations-6.0.6.Final.jar:/root/.m2/repository/io/smallrye/jandex/3.1.2/jandex-3.1.2.jar:/root/.m2/repository/com/fasterxml/classmate/1.5.1/classmate-1.5.1.jar:/root/.m2/repository/net/bytebuddy/byte-buddy/1.14.11/byte-buddy-1.14.11.jar:/root/.m2/repository/jakarta/inject/jakarta.inject-api/2.0.1/jakarta.inject-api-2.0.1.jar:/root/.m2/repository/org/hibernate/validator/hibernate-validator/8.0.1.Final/hibernate-validator-8.0.1.Final.jar:/root/.m2/repository/jakarta/validation/jakarta.validation-api/3.0.2/jakarta.validation-api-3.0.2.jar:/root/.m2/repository/org/hibernate/orm/hibernate-jcache/6.4.4.Final/hibernate-jcache-6.4.4.Final.jar:/root/.m2/repository/javax/cache/cache-api/1.0.0/cache-api-1.0.0.jar:/root/.m2/repository/org/webjars/bootstrap/5.3.2/bootstrap-5.3.2.jar:/root/.m2/repository/org/webjars/npm/font-awesome/4.7.0/font-awesome-4.7.0.jar:/root/.m2/repository/org/webjars/npm/flatpickr/4.6.13/flatpickr-4.6.13.jar:/root/.m2/repository/org/springframework/spring-test/6.1.4/spring-test-6.1.4.jar:/root/.m2/repository/org/junit/jupiter/junit-jupiter-engine/5.10.2/junit-jupiter-engine-5.10.2.jar:/root/.m2/repository/org/junit/platform/junit-platform-engine/1.10.2/junit-platform-engine-1.10.2.jar:/root/.m2/repository/org/opentest4j/opentest4j/1.3.0/opentest4j-1.3.0.jar:/root/.m2/repository/org/junit/platform/junit-platform-commons/1.10.2/junit-platform-commons-1.10.2.jar:/root/.m2/repository/org/junit/jupiter/junit-jupiter-api/5.10.2/junit-jupiter-api-5.10.2.jar:/root/.m2/repository/org/apiguardian/apiguardian-api/1.1.2/apiguardian-api-1.1.2.jar:/root/.m2/repository/org/assertj/assertj-core/3.25.3/assertj-core-3.25.3.jar:/root/.m2/repository/org/mockito/mockito-core/5.10.0/mockito-core-5.10.0.jar:/root/.m2/repository/net/bytebuddy/byte-buddy-agent/1.14.11/byte-buddy-agent-1.14.11.jar:/root/.m2/repository/org/objenesis/objenesis/3.3/objenesis-3.3.jar:/root/.m2/repository/org/mockito/mockito-junit-jupiter/5.10.0/mockito-junit-jupiter-5.10.0.jar:/root/.m2/repository/org/hamcrest/hamcrest/2.2/hamcrest-2.2.jar:/root/.m2/repository/jakarta/xml/bind/jakarta.xml.bind-api/4.0.1/jakarta.xml.bind-api-4.0.1.jar:/root/.m2/repository/org/glassfish/jaxb/jaxb-runtime/4.0.4/jaxb-runtime-4.0.4.jar:/root/.m2/repository/org/glassfish/jaxb/jaxb-core/4.0.4/jaxb-core-4.0.4.jar:/root/.m2/repository/org/eclipse/angus/angus-activation/2.0.1/angus-activation-2.0.1.jar:/root/.m2/repository/org/glassfish/jaxb/txw2/4.0.4/txw2-4.0.4.jar:/root/.m2/repository/com/sun/istack/istack-commons-runtime/4.1.2/istack-commons-runtime-4.1.2.jar:/root/.m2/repository/jakarta/activation/jakarta.activation-api/2.1.2/jakarta.activation-api-2.1.2.jar:/root/.m2/repository/com/mysql/mysql-connector-j/8.0.33/mysql-connector-j-8.0.33.jar:/root/.m2/repository/com/google/protobuf/protobuf-java/3.21.9/protobuf-java-3.21.9.jar:"/>
    <property name="sun.cpu.endian" value="little"/>
    <property name="user.home" value="/root"/>
    <property name="user.language" value="en"/>
    <property name="java.specification.vendor" value="Oracle Corporation"/>
    <property name="java.version.date" value="2024-01-16"/>
    <property name="java.home" value="/usr/lib/jvm/java-17-openjdk-amd64"/>
    <property name="file.separator" value="/"/>
    <property name="basedir" value="/tmp/spring-framework-petclinic"/>
    <property name="java.vm.compressedOopsMode" value="32-bit"/>
    <property name="line.separator" value="&#10;"/>
    <property name="java.vm.specification.vendor" value="Oracle Corporation"/>
    <property name="java.specification.name" value="Java Platform API Specification"/>
    <property name="surefire.real.class.path" value="/tmp/spring-framework-petclinic/target/surefire/surefirebooter-20240317072802708_3.jar"/>
    <property name="sun.management.compiler" value="HotSpot 64-Bit Tiered Compilers"/>
    <property name="java.runtime.version" value="17.0.10+7-Ubuntu-122.04.1"/>
    <property name="user.name" value="root"/>
    <property name="path.separator" value=":"/>
    <property name="os.version" value="5.15.0-100-generic"/>
    <property name="java.runtime.name" value="OpenJDK Runtime Environment"/>
    <property name="file.encoding" value="UTF-8"/>
    <property name="java.vm.name" value="OpenJDK 64-Bit Server VM"/>
    <property name="localRepository" value="/root/.m2/repository"/>
    <property name="java.vendor.url.bug" value="Unknown"/>
    <property name="java.io.tmpdir" value="/tmp"/>
    <property name="java.version" value="17.0.10"/>
    <property name="user.dir" value="/tmp/spring-framework-petclinic"/>
    <property name="os.arch" value="amd64"/>
    <property name="java.vm.specification.name" value="Java Virtual Machine Specification"/>
    <property name="native.encoding" value="UTF-8"/>
    <property name="java.library.path" value="/usr/java/packages/lib:/usr/lib/x86_64-linux-gnu/jni:/lib/x86_64-linux-gnu:/usr/lib/x86_64-linux-gnu:/usr/lib/jni:/lib:/usr/lib"/>
    <property name="java.vm.info" value="mixed mode, sharing"/>
    <property name="java.vendor" value="Private Build"/>
    <property name="java.vm.version" value="17.0.10+7-Ubuntu-122.04.1"/>
    <property name="sun.io.unicode.encoding" value="UnicodeLittle"/>
    <property name="java.class.version" value="61.0"/>
  </properties>
  <testcase name="testProcessUpdateOwnerFormHasErrors" classname="org.springframework.samples.petclinic.web.OwnerControllerTests" time="0.72">
    <system-out><![CDATA[INFO  MockServletContext - Initializing Spring TestDispatcherServlet ''
INFO  TestDispatcherServlet - Initializing Servlet ''
INFO  TestDispatcherServlet - Completed initialization in 2 ms
]]></system-out>
  </testcase>
  <testcase name="testProcessCreationFormSuccess" classname="org.springframework.samples.petclinic.web.OwnerControllerTests" time="0.114">
    <system-out><![CDATA[INFO  MockServletContext - Initializing Spring TestDispatcherServlet ''
INFO  TestDispatcherServlet - Initializing Servlet ''
INFO  TestDispatcherServlet - Completed initialization in 0 ms
]]></system-out>
  </testcase>
  <testcase name="testInitFindForm" classname="org.springframework.samples.petclinic.web.OwnerControllerTests" time="0.05">
    <system-out><![CDATA[INFO  MockServletContext - Initializing Spring TestDispatcherServlet ''
INFO  TestDispatcherServlet - Initializing Servlet ''
INFO  TestDispatcherServlet - Completed initialization in 0 ms
]]></system-out>
  </testcase>
  <testcase name="testShowOwner" classname="org.springframework.samples.petclinic.web.OwnerControllerTests" time="0.093">
    <system-out><![CDATA[INFO  MockServletContext - Initializing Spring TestDispatcherServlet ''
INFO  TestDispatcherServlet - Initializing Servlet ''
INFO  TestDispatcherServlet - Completed initialization in 0 ms
]]></system-out>
  </testcase>
  <testcase name="testInitUpdateOwnerForm" classname="org.springframework.samples.petclinic.web.OwnerControllerTests" time="0.065">
    <system-out><![CDATA[INFO  MockServletContext - Initializing Spring TestDispatcherServlet ''
INFO  TestDispatcherServlet - Initializing Servlet ''
INFO  TestDispatcherServlet - Completed initialization in 1 ms
]]></system-out>
  </testcase>
  <testcase name="testInitCreationForm" classname="org.springframework.samples.petclinic.web.OwnerControllerTests" time="0.069">
    <system-out><![CDATA[INFO  MockServletContext - Initializing Spring TestDispatcherServlet ''
INFO  TestDispatcherServlet - Initializing Servlet ''
INFO  TestDispatcherServlet - Completed initialization in 1 ms
]]></system-out>
  </testcase>
  <testcase name="testProcessFindFormByLastName" classname="org.springframework.samples.petclinic.web.OwnerControllerTests" time="0.075">
    <system-out><![CDATA[INFO  MockServletContext - Initializing Spring TestDispatcherServlet ''
INFO  TestDispatcherServlet - Initializing Servlet ''
INFO  TestDispatcherServlet - Completed initialization in 1 ms
]]></system-out>
  </testcase>
  <testcase name="testProcessFindFormNoOwnersFound" classname="org.springframework.samples.petclinic.web.OwnerControllerTests" time="0.036">
    <system-out><![CDATA[INFO  MockServletContext - Initializing Spring TestDispatcherServlet ''
INFO  TestDispatcherServlet - Initializing Servlet ''
INFO  TestDispatcherServlet - Completed initialization in 1 ms
]]></system-out>
  </testcase>
  <testcase name="testProcessFindFormSuccess" classname="org.springframework.samples.petclinic.web.OwnerControllerTests" time="0.029">
    <system-out><![CDATA[INFO  MockServletContext - Initializing Spring TestDispatcherServlet ''
INFO  TestDispatcherServlet - Initializing Servlet ''
INFO  TestDispatcherServlet - Completed initialization in 0 ms
]]></system-out>
  </testcase>
  <testcase name="testProcessUpdateOwnerFormSuccess" classname="org.springframework.samples.petclinic.web.OwnerControllerTests" time="0.092">
    <system-out><![CDATA[INFO  MockServletContext - Initializing Spring TestDispatcherServlet ''
INFO  TestDispatcherServlet - Initializing Servlet ''
INFO  TestDispatcherServlet - Completed initialization in 0 ms
]]></system-out>
  </testcase>
  <testcase name="testProcessCreationFormHasErrors" classname="org.springframework.samples.petclinic.web.OwnerControllerTests" time="0.038">
    <system-out><![CDATA[INFO  MockServletContext - Initializing Spring TestDispatcherServlet ''
INFO  TestDispatcherServlet - Initializing Servlet ''
INFO  TestDispatcherServlet - Completed initialization in 0 ms
]]></system-out>
  </testcase>
</testsuite>